<?xml version="1.0" encoding="UTF-8"?>
<testng-results skipped="0" failed="1" ignored="0" total="10" passed="9">
  <reporter-output>
  </reporter-output>
  <suite name="Default suite" duration-ms="106669" started-at="2020-01-03T03:46:02Z" finished-at="2020-01-03T03:47:49Z">
    <groups>
    </groups>
    <test name="Default test" duration-ms="106669" started-at="2020-01-03T03:46:02Z" finished-at="2020-01-03T03:47:49Z">
      <class name="Adminui.Adminui.Test_czentrix">
        <test-method status="PASS" signature="before()[pri:0, instance:Adminui.Adminui.Test_czentrix@5d11346a]" name="before" is-config="true" duration-ms="12193" started-at="2020-01-03T03:46:02Z" finished-at="2020-01-03T03:46:15Z">
          <reporter-output>
          </reporter-output>
        </test-method> <!-- before -->
        <test-method status="PASS" signature="license()[pri:1, instance:Adminui.Adminui.Test_czentrix@5d11346a]" name="license" duration-ms="431" started-at="2020-01-03T03:46:15Z" finished-at="2020-01-03T03:46:15Z">
          <reporter-output>
          </reporter-output>
        </test-method> <!-- license -->
        <test-method status="PASS" signature="getResult(org.testng.ITestResult)[pri:0, instance:Adminui.Adminui.Test_czentrix@5d11346a]" name="getResult" is-config="true" duration-ms="5" started-at="2020-01-03T03:46:15Z" finished-at="2020-01-03T03:46:15Z">
          <params>
            <param index="0">
              <value>
                <![CDATA[[TestResult name=license status=SUCCESS method=Test_czentrix.license()[pri:1, instance:Adminui.Adminui.Test_czentrix@5d11346a] output={null}]]]>
              </value>
            </param>
          </params>
          <reporter-output>
          </reporter-output>
        </test-method> <!-- getResult -->
        <test-method status="FAIL" signature="tdm()[pri:2, instance:Adminui.Adminui.Test_czentrix@5d11346a]" name="tdm" duration-ms="3938" started-at="2020-01-03T03:46:15Z" finished-at="2020-01-03T03:46:19Z">
          <exception class="org.openqa.selenium.JavascriptException">
            <message>
              <![CDATA[TypeError: window.document.getElementById(...) is null
Build info: version: '3.14.0', revision: 'aacccce0', time: '2018-08-02T20:19:58.91Z'
System info: host: 'TVT-A-EC-735', ip: '172.16.2.87', os.name: 'Windows 10', os.arch: 'amd64', os.version: '10.0', java.version: '1.8.0_212'
Driver info: org.openqa.selenium.firefox.FirefoxDriver
Capabilities {acceptInsecureCerts: true, browserName: firefox, browserVersion: 72.0, javascriptEnabled: true, moz:accessibilityChecks: false, moz:buildID: 20191227034945, moz:geckodriverVersion: 0.24.0, moz:headless: false, moz:processID: 7712, moz:profile: C:\Users\akshita tripathi\A..., moz:shutdownTimeout: 60000, moz:useNonSpecCompliantPointerOrigin: false, moz:webdriverClick: true, pageLoadStrategy: normal, platform: WINDOWS, platformName: WINDOWS, platformVersion: 10.0, rotatable: false, setWindowRect: true, strictFileInteractability: false, timeouts: {implicit: 0, pageLoad: 300000, script: 30000}, unhandledPromptBehavior: dismiss and notify}
Session ID: 1fcf02f3-473c-4509-8033-289bfe669ff9]]>
            </message>
            <full-stacktrace>
              <![CDATA[org.openqa.selenium.JavascriptException: TypeError: window.document.getElementById(...) is null
Build info: version: '3.14.0', revision: 'aacccce0', time: '2018-08-02T20:19:58.91Z'
System info: host: 'TVT-A-EC-735', ip: '172.16.2.87', os.name: 'Windows 10', os.arch: 'amd64', os.version: '10.0', java.version: '1.8.0_212'
Driver info: org.openqa.selenium.firefox.FirefoxDriver
Capabilities {acceptInsecureCerts: true, browserName: firefox, browserVersion: 72.0, javascriptEnabled: true, moz:accessibilityChecks: false, moz:buildID: 20191227034945, moz:geckodriverVersion: 0.24.0, moz:headless: false, moz:processID: 7712, moz:profile: C:\Users\akshita tripathi\A..., moz:shutdownTimeout: 60000, moz:useNonSpecCompliantPointerOrigin: false, moz:webdriverClick: true, pageLoadStrategy: normal, platform: WINDOWS, platformName: WINDOWS, platformVersion: 10.0, rotatable: false, setWindowRect: true, strictFileInteractability: false, timeouts: {implicit: 0, pageLoad: 300000, script: 30000}, unhandledPromptBehavior: dismiss and notify}
Session ID: 1fcf02f3-473c-4509-8033-289bfe669ff9
at sun.reflect.NativeConstructorAccessorImpl.newInstance0(Native Method)
at sun.reflect.NativeConstructorAccessorImpl.newInstance(Unknown Source)
at sun.reflect.DelegatingConstructorAccessorImpl.newInstance(Unknown Source)
at java.lang.reflect.Constructor.newInstance(Unknown Source)
at org.openqa.selenium.remote.http.W3CHttpResponseCodec.createException(W3CHttpResponseCodec.java:187)
at org.openqa.selenium.remote.http.W3CHttpResponseCodec.decode(W3CHttpResponseCodec.java:122)
at org.openqa.selenium.remote.http.W3CHttpResponseCodec.decode(W3CHttpResponseCodec.java:49)
at org.openqa.selenium.remote.HttpCommandExecutor.execute(HttpCommandExecutor.java:158)
at org.openqa.selenium.remote.service.DriverCommandExecutor.execute(DriverCommandExecutor.java:83)
at org.openqa.selenium.remote.RemoteWebDriver.execute(RemoteWebDriver.java:548)
at org.openqa.selenium.remote.RemoteWebDriver.executeScript(RemoteWebDriver.java:485)
at Adminui.Adminui.TDM.tdm(TDM.java:41)
at Adminui.Adminui.Test_czentrix.tdm(Test_czentrix.java:120)
at sun.reflect.NativeMethodAccessorImpl.invoke0(Native Method)
at sun.reflect.NativeMethodAccessorImpl.invoke(Unknown Source)
at sun.reflect.DelegatingMethodAccessorImpl.invoke(Unknown Source)
at java.lang.reflect.Method.invoke(Unknown Source)
at org.testng.internal.MethodInvocationHelper.invokeMethod(MethodInvocationHelper.java:124)
at org.testng.internal.Invoker.invokeMethod(Invoker.java:583)
at org.testng.internal.Invoker.invokeTestMethod(Invoker.java:719)
at org.testng.internal.Invoker.invokeTestMethods(Invoker.java:989)
at org.testng.internal.TestMethodWorker.invokeTestMethods(TestMethodWorker.java:125)
at org.testng.internal.TestMethodWorker.run(TestMethodWorker.java:109)
at org.testng.TestRunner.privateRun(TestRunner.java:648)
at org.testng.TestRunner.run(TestRunner.java:505)
at org.testng.SuiteRunner.runTest(SuiteRunner.java:455)
at org.testng.SuiteRunner.runSequentially(SuiteRunner.java:450)
at org.testng.SuiteRunner.privateRun(SuiteRunner.java:415)
at org.testng.SuiteRunner.run(SuiteRunner.java:364)
at org.testng.SuiteRunnerWorker.runSuite(SuiteRunnerWorker.java:52)
at org.testng.SuiteRunnerWorker.run(SuiteRunnerWorker.java:84)
at org.testng.TestNG.runSuitesSequentially(TestNG.java:1208)
at org.testng.TestNG.runSuitesLocally(TestNG.java:1137)
at org.testng.TestNG.runSuites(TestNG.java:1049)
at org.testng.TestNG.run(TestNG.java:1017)
at org.testng.remote.AbstractRemoteTestNG.run(AbstractRemoteTestNG.java:115)
at org.testng.remote.RemoteTestNG.initAndRun(RemoteTestNG.java:251)
at org.testng.remote.RemoteTestNG.main(RemoteTestNG.java:77)
]]>
            </full-stacktrace>
          </exception> <!-- org.openqa.selenium.JavascriptException -->
          <reporter-output>
          </reporter-output>
        </test-method> <!-- tdm -->
        <test-method status="PASS" signature="getResult(org.testng.ITestResult)[pri:0, instance:Adminui.Adminui.Test_czentrix@5d11346a]" name="getResult" is-config="true" duration-ms="1" started-at="2020-01-03T03:46:19Z" finished-at="2020-01-03T03:46:19Z">
          <params>
            <param index="0">
              <value>
                <![CDATA[[TestResult name=tdm status=FAILURE method=Test_czentrix.tdm()[pri:2, instance:Adminui.Adminui.Test_czentrix@5d11346a] output={null}]]]>
              </value>
            </param>
          </params>
          <reporter-output>
          </reporter-output>
        </test-method> <!-- getResult -->
        <test-method status="PASS" signature="GateWay()[pri:3, instance:Adminui.Adminui.Test_czentrix@5d11346a]" name="GateWay" duration-ms="42" started-at="2020-01-03T03:46:19Z" finished-at="2020-01-03T03:46:19Z">
          <reporter-output>
          </reporter-output>
        </test-method> <!-- GateWay -->
        <test-method status="PASS" signature="getResult(org.testng.ITestResult)[pri:0, instance:Adminui.Adminui.Test_czentrix@5d11346a]" name="getResult" is-config="true" duration-ms="1" started-at="2020-01-03T03:46:19Z" finished-at="2020-01-03T03:46:19Z">
          <params>
            <param index="0">
              <value>
                <![CDATA[[TestResult name=GateWay status=SUCCESS method=Test_czentrix.GateWay()[pri:3, instance:Adminui.Adminui.Test_czentrix@5d11346a] output={null}]]]>
              </value>
            </param>
          </params>
          <reporter-output>
          </reporter-output>
        </test-method> <!-- getResult -->
        <test-method status="PASS" signature="sip()[pri:4, instance:Adminui.Adminui.Test_czentrix@5d11346a]" name="sip" duration-ms="20883" started-at="2020-01-03T03:46:19Z" finished-at="2020-01-03T03:46:40Z">
          <reporter-output>
          </reporter-output>
        </test-method> <!-- sip -->
        <test-method status="PASS" signature="campaignTest()[pri:5, instance:Adminui.Adminui.Test_czentrix@5d11346a]" name="campaignTest" duration-ms="11198" started-at="2020-01-03T03:46:40Z" finished-at="2020-01-03T03:46:51Z">
          <reporter-output>
          </reporter-output>
        </test-method> <!-- campaignTest -->
        <test-method status="PASS" signature="getResult(org.testng.ITestResult)[pri:0, instance:Adminui.Adminui.Test_czentrix@5d11346a]" name="getResult" is-config="true" duration-ms="0" started-at="2020-01-03T03:46:40Z" finished-at="2020-01-03T03:46:40Z">
          <params>
            <param index="0">
              <value>
                <![CDATA[[TestResult name=sip status=SUCCESS method=Test_czentrix.sip()[pri:4, instance:Adminui.Adminui.Test_czentrix@5d11346a] output={null}]]]>
              </value>
            </param>
          </params>
          <reporter-output>
          </reporter-output>
        </test-method> <!-- getResult -->
        <test-method status="PASS" signature="getResult(org.testng.ITestResult)[pri:0, instance:Adminui.Adminui.Test_czentrix@5d11346a]" name="getResult" is-config="true" duration-ms="0" started-at="2020-01-03T03:46:51Z" finished-at="2020-01-03T03:46:51Z">
          <params>
            <param index="0">
              <value>
                <![CDATA[[TestResult name=campaignTest status=SUCCESS method=Test_czentrix.campaignTest()[pri:5, instance:Adminui.Adminui.Test_czentrix@5d11346a] output={null}]]]>
              </value>
            </param>
          </params>
          <reporter-output>
          </reporter-output>
        </test-method> <!-- getResult -->
        <test-method status="PASS" signature="agentTest()[pri:6, instance:Adminui.Adminui.Test_czentrix@5d11346a]" name="agentTest" duration-ms="15755" started-at="2020-01-03T03:46:51Z" finished-at="2020-01-03T03:47:07Z">
          <reporter-output>
          </reporter-output>
        </test-method> <!-- agentTest -->
        <test-method status="PASS" signature="getResult(org.testng.ITestResult)[pri:0, instance:Adminui.Adminui.Test_czentrix@5d11346a]" name="getResult" is-config="true" duration-ms="0" started-at="2020-01-03T03:47:07Z" finished-at="2020-01-03T03:47:07Z">
          <params>
            <param index="0">
              <value>
                <![CDATA[[TestResult name=agentTest status=SUCCESS method=Test_czentrix.agentTest()[pri:6, instance:Adminui.Adminui.Test_czentrix@5d11346a] output={null}]]]>
              </value>
            </param>
          </params>
          <reporter-output>
          </reporter-output>
        </test-method> <!-- getResult -->
        <test-method status="PASS" signature="sip_Channel()[pri:7, instance:Adminui.Adminui.Test_czentrix@5d11346a]" name="sip_Channel" duration-ms="3842" started-at="2020-01-03T03:47:07Z" finished-at="2020-01-03T03:47:11Z">
          <reporter-output>
          </reporter-output>
        </test-method> <!-- sip_Channel -->
        <test-method status="PASS" signature="listForm()[pri:8, instance:Adminui.Adminui.Test_czentrix@5d11346a]" name="listForm" duration-ms="30420" started-at="2020-01-03T03:47:11Z" finished-at="2020-01-03T03:47:41Z">
          <reporter-output>
          </reporter-output>
        </test-method> <!-- listForm -->
        <test-method status="PASS" signature="getResult(org.testng.ITestResult)[pri:0, instance:Adminui.Adminui.Test_czentrix@5d11346a]" name="getResult" is-config="true" duration-ms="0" started-at="2020-01-03T03:47:11Z" finished-at="2020-01-03T03:47:11Z">
          <params>
            <param index="0">
              <value>
                <![CDATA[[TestResult name=sip_Channel status=SUCCESS method=Test_czentrix.sip_Channel()[pri:7, instance:Adminui.Adminui.Test_czentrix@5d11346a] output={null}]]]>
              </value>
            </param>
          </params>
          <reporter-output>
          </reporter-output>
        </test-method> <!-- getResult -->
        <test-method status="PASS" signature="uploadList()[pri:9, instance:Adminui.Adminui.Test_czentrix@5d11346a]" name="uploadList" duration-ms="3557" started-at="2020-01-03T03:47:41Z" finished-at="2020-01-03T03:47:45Z">
          <reporter-output>
          </reporter-output>
        </test-method> <!-- uploadList -->
        <test-method status="PASS" signature="getResult(org.testng.ITestResult)[pri:0, instance:Adminui.Adminui.Test_czentrix@5d11346a]" name="getResult" is-config="true" duration-ms="0" started-at="2020-01-03T03:47:41Z" finished-at="2020-01-03T03:47:41Z">
          <params>
            <param index="0">
              <value>
                <![CDATA[[TestResult name=listForm status=SUCCESS method=Test_czentrix.listForm()[pri:8, instance:Adminui.Adminui.Test_czentrix@5d11346a] output={null}]]]>
              </value>
            </param>
          </params>
          <reporter-output>
          </reporter-output>
        </test-method> <!-- getResult -->
        <test-method status="PASS" signature="getResult(org.testng.ITestResult)[pri:0, instance:Adminui.Adminui.Test_czentrix@5d11346a]" name="getResult" is-config="true" duration-ms="0" started-at="2020-01-03T03:47:45Z" finished-at="2020-01-03T03:47:45Z">
          <params>
            <param index="0">
              <value>
                <![CDATA[[TestResult name=uploadList status=SUCCESS method=Test_czentrix.uploadList()[pri:9, instance:Adminui.Adminui.Test_czentrix@5d11346a] output={null}]]]>
              </value>
            </param>
          </params>
          <reporter-output>
          </reporter-output>
        </test-method> <!-- getResult -->
        <test-method status="PASS" signature="applyConfiguration()[pri:10, instance:Adminui.Adminui.Test_czentrix@5d11346a]" name="applyConfiguration" duration-ms="3961" started-at="2020-01-03T03:47:45Z" finished-at="2020-01-03T03:47:49Z">
          <reporter-output>
          </reporter-output>
        </test-method> <!-- applyConfiguration -->
        <test-method status="PASS" signature="getResult(org.testng.ITestResult)[pri:0, instance:Adminui.Adminui.Test_czentrix@5d11346a]" name="getResult" is-config="true" duration-ms="1" started-at="2020-01-03T03:47:49Z" finished-at="2020-01-03T03:47:49Z">
          <params>
            <param index="0">
              <value>
                <![CDATA[[TestResult name=applyConfiguration status=SUCCESS method=Test_czentrix.applyConfiguration()[pri:10, instance:Adminui.Adminui.Test_czentrix@5d11346a] output={null}]]]>
              </value>
            </param>
          </params>
          <reporter-output>
          </reporter-output>
        </test-method> <!-- getResult -->
        <test-method status="PASS" signature="endReport()[pri:0, instance:Adminui.Adminui.Test_czentrix@5d11346a]" name="endReport" is-config="true" duration-ms="396" started-at="2020-01-03T03:47:49Z" finished-at="2020-01-03T03:47:49Z">
          <reporter-output>
          </reporter-output>
        </test-method> <!-- endReport -->
      </class> <!-- Adminui.Adminui.Test_czentrix -->
    </test> <!-- Default test -->
  </suite> <!-- Default suite -->
</testng-results>
